[2022-10-28T13:56:45.967+0000] {taskinstance.py:1165} INFO - Dependencies all met for <TaskInstance: hello_world.echo_message manual__2022-10-28T13:56:34.746060+00:00 [queued]>
[2022-10-28T13:56:46.189+0000] {taskinstance.py:1165} INFO - Dependencies all met for <TaskInstance: hello_world.echo_message manual__2022-10-28T13:56:34.746060+00:00 [queued]>
[2022-10-28T13:56:46.213+0000] {taskinstance.py:1362} INFO - 
--------------------------------------------------------------------------------
[2022-10-28T13:56:46.231+0000] {taskinstance.py:1363} INFO - Starting attempt 1 of 1
[2022-10-28T13:56:46.308+0000] {taskinstance.py:1364} INFO - 
--------------------------------------------------------------------------------
[2022-10-28T13:56:46.685+0000] {taskinstance.py:1383} INFO - Executing <Task(BashOperator): echo_message> on 2022-10-28 13:56:34.746060+00:00
[2022-10-28T13:56:46.823+0000] {standard_task_runner.py:55} INFO - Started process 283 to run task
[2022-10-28T13:56:46.904+0000] {standard_task_runner.py:82} INFO - Running: ['***', 'tasks', 'run', 'hello_world', 'echo_message', 'manual__2022-10-28T13:56:34.746060+00:00', '--job-id', '11', '--raw', '--subdir', 'DAGS_FOLDER/hello-world.py', '--cfg-path', '/tmp/tmpe6ze8dae']
[2022-10-28T13:56:46.921+0000] {standard_task_runner.py:83} INFO - Job 11: Subtask echo_message
[2022-10-28T13:56:48.042+0000] {task_command.py:376} INFO - Running <TaskInstance: hello_world.echo_message manual__2022-10-28T13:56:34.746060+00:00 [running]> on host 6d7888ac7920
[2022-10-28T13:56:49.592+0000] {taskinstance.py:1592} INFO - Exporting the following env vars:
AIRFLOW_CTX_DAG_OWNER=***
AIRFLOW_CTX_DAG_ID=hello_world
AIRFLOW_CTX_TASK_ID=echo_message
AIRFLOW_CTX_EXECUTION_DATE=2022-10-28T13:56:34.746060+00:00
AIRFLOW_CTX_TRY_NUMBER=1
AIRFLOW_CTX_DAG_RUN_ID=manual__2022-10-28T13:56:34.746060+00:00
[2022-10-28T13:56:49.650+0000] {subprocess.py:63} INFO - Tmp dir root location: 
 /tmp
[2022-10-28T13:56:49.690+0000] {subprocess.py:75} INFO - Running command: ['/bin/bash', '-c', 'echo Hello World!']
[2022-10-28T13:56:49.808+0000] {subprocess.py:86} INFO - Output:
[2022-10-28T13:56:49.830+0000] {subprocess.py:93} INFO - Hello World!
[2022-10-28T13:56:49.840+0000] {subprocess.py:97} INFO - Command exited with return code 0
[2022-10-28T13:56:50.253+0000] {taskinstance.py:1406} INFO - Marking task as SUCCESS. dag_id=hello_world, task_id=echo_message, execution_date=20221028T135634, start_date=20221028T135646, end_date=20221028T135650
[2022-10-28T13:56:50.575+0000] {local_task_job.py:164} INFO - Task exited with return code 0
[2022-10-28T13:56:51.030+0000] {local_task_job.py:273} INFO - 0 downstream tasks scheduled from follow-on schedule check
